Mai 25, 2022 1:24:02 NACHM. ch.fhnw.acrm.business.service.LoggerService logSystem
INFO: Default Products created
Mai 25, 2022 1:24:33 NACHM. ch.fhnw.acrm.business.service.LoggerService logSystem
INFO: Default Products created
Mai 25, 2022 1:37:52 NACHM. ch.fhnw.acrm.business.service.LoggerService logSystem
INFO: Default Products created
Mai 25, 2022 1:38:56 NACHM. ch.fhnw.acrm.business.service.LoggerService logSystem
INFO: Order created with ID: 6
Mai 25, 2022 1:40:04 NACHM. ch.fhnw.acrm.business.service.LoggerService logSystem
INFO: Order created with ID: 7
Mai 26, 2022 4:43:07 NACHM. ch.fhnw.acrm.business.service.LoggerService logSystem
INFORMATION: Default Products created
Mai 26, 2022 4:43:38 NACHM. ch.fhnw.acrm.business.service.LoggerService logSystem
INFORMATION: Order created with ID: 7
Mai 26, 2022 4:43:43 NACHM. ch.fhnw.acrm.business.service.LoggerService logSystem
INFORMATION: Order created with ID: 8
Mai 26, 2022 4:44:29 NACHM. ch.fhnw.acrm.business.service.LoggerService logSystem
WARNUNG: java.lang.Exception: User email already exists!
Mai 26, 2022 4:44:49 NACHM. ch.fhnw.acrm.business.service.LoggerService logSystem
WARNUNG: java.lang.Exception: User email already exists!
Mai 26, 2022 4:47:29 NACHM. ch.fhnw.acrm.business.service.LoggerService logSystem
INFORMATION: Default Products created
