Mai 24, 2022 3:24:41 NACHM. ch.fhnw.acrm.business.service.LoggerService logUser
INFORMATION: Default Admin created
Mai 24, 2022 3:25:32 NACHM. ch.fhnw.acrm.business.service.LoggerService logUser
INFORMATION: User: Alexander James Herzog was created with Traveldistance: 32
Mai 24, 2022 3:25:36 NACHM. ch.fhnw.acrm.business.service.LoggerService logUser
INFORMATION: User logged in: alexander.james10@gmail.com
Mai 24, 2022 3:25:50 NACHM. ch.fhnw.acrm.business.service.LoggerService logUser
INFORMATION: User logged in: alexander.james10@gmail.com
Mai 24, 2022 3:25:50 NACHM. ch.fhnw.acrm.business.service.LoggerService logUser
INFORMATION: User logged in: alexander.james10@gmail.com
Mai 24, 2022 3:33:47 NACHM. ch.fhnw.acrm.business.service.LoggerService logUser
INFORMATION: Default Admin created
Mai 24, 2022 3:34:10 NACHM. ch.fhnw.acrm.business.service.LoggerService logUser
INFORMATION: User: Alexander James Herzog was created with Traveldistance: 32
Mai 24, 2022 3:34:14 NACHM. ch.fhnw.acrm.business.service.LoggerService logUser
INFORMATION: User logged in: alexander.james10@gmail.com
Mai 24, 2022 3:34:52 NACHM. ch.fhnw.acrm.business.service.LoggerService logUser
INFORMATION: Default Admin created
Mai 24, 2022 3:35:24 NACHM. ch.fhnw.acrm.business.service.LoggerService logUser
INFORMATION: User: Alexander James Herzog was created with Traveldistance: 32
Mai 24, 2022 3:36:08 NACHM. ch.fhnw.acrm.business.service.LoggerService logUser
INFORMATION: User: Alexander James Herzog was created with Traveldistance: 32
Mai 24, 2022 3:36:11 NACHM. ch.fhnw.acrm.business.service.LoggerService logUser
INFORMATION: User logged in: ajaywuermli@gmail.com
Mai 24, 2022 3:36:46 NACHM. ch.fhnw.acrm.business.service.LoggerService logUser
INFORMATION: Default Admin created
Mai 24, 2022 3:36:57 NACHM. ch.fhnw.acrm.business.service.LoggerService logUser
INFORMATION: Default Admin created
Mai 24, 2022 3:37:10 NACHM. ch.fhnw.acrm.business.service.LoggerService logUser
INFORMATION: User: Alexander James Herzog was created with Traveldistance: 32
Mai 24, 2022 3:37:13 NACHM. ch.fhnw.acrm.business.service.LoggerService logUser
INFORMATION: User logged in: alexander.james10@gmail.com
Mai 24, 2022 3:42:17 NACHM. ch.fhnw.acrm.business.service.LoggerService logUser
INFORMATION: Default Admin created
Mai 24, 2022 3:42:37 NACHM. ch.fhnw.acrm.business.service.LoggerService logUser
INFORMATION: User: Alexander James Herzog was created with Traveldistance: 32
Mai 24, 2022 3:42:40 NACHM. ch.fhnw.acrm.business.service.LoggerService logUser
INFORMATION: User logged in: alexander.james10@gmail.com
Mai 24, 2022 3:43:22 NACHM. ch.fhnw.acrm.business.service.LoggerService logUser
INFORMATION: Default Admin created
Mai 24, 2022 3:43:42 NACHM. ch.fhnw.acrm.business.service.LoggerService logUser
INFORMATION: User: Alexander James Herzog was created with Traveldistance: 32
Mai 24, 2022 3:43:45 NACHM. ch.fhnw.acrm.business.service.LoggerService logUser
INFORMATION: User logged in: alexander.james10@gmail.com
Mai 24, 2022 3:44:07 NACHM. ch.fhnw.acrm.business.service.LoggerService logUser
INFORMATION: Default Admin created
Mai 24, 2022 3:44:18 NACHM. ch.fhnw.acrm.business.service.LoggerService logUser
INFORMATION: User: Alexander James Herzog was created with Traveldistance: 32
Mai 24, 2022 3:44:38 NACHM. ch.fhnw.acrm.business.service.LoggerService logUser
INFORMATION: User: Alexander James Herzog was created with Traveldistance: 32
Mai 24, 2022 3:44:41 NACHM. ch.fhnw.acrm.business.service.LoggerService logUser
INFORMATION: User logged in: ajaywuermli@gmail.com
Mai 24, 2022 3:45:35 NACHM. ch.fhnw.acrm.business.service.LoggerService logUser
INFORMATION: Default Admin created
Mai 24, 2022 3:45:46 NACHM. ch.fhnw.acrm.business.service.LoggerService logUser
INFORMATION: User: Alexander James Herzog was created with Traveldistance: 32
Mai 24, 2022 3:45:48 NACHM. ch.fhnw.acrm.business.service.LoggerService logUser
INFORMATION: User logged in: alexander.james10@gmail.com
Mai 24, 2022 4:09:43 NACHM. ch.fhnw.acrm.business.service.LoggerService logUser
INFORMATION: Default Admin created
Mai 24, 2022 4:39:02 NACHM. ch.fhnw.acrm.business.service.LoggerService logUser
INFORMATION: User: Alexander James Herzog was created with Traveldistance: 32
Mai 24, 2022 4:39:06 NACHM. ch.fhnw.acrm.business.service.LoggerService logUser
INFORMATION: User logged in: alexander.james10@gmail.com
Mai 24, 2022 4:41:28 NACHM. ch.fhnw.acrm.business.service.LoggerService logUser
INFORMATION: Default Admin created
Mai 24, 2022 4:48:47 NACHM. ch.fhnw.acrm.business.service.LoggerService logUser
INFORMATION: Default Admin created
Mai 24, 2022 4:48:57 NACHM. ch.fhnw.acrm.business.service.LoggerService logUser
INFORMATION: User: Alexander James Herzog was created with Traveldistance: 32
Mai 24, 2022 4:49:00 NACHM. ch.fhnw.acrm.business.service.LoggerService logUser
INFORMATION: User logged in: alexander.james10@gmail.com
